2024-08-08 15:44:28,946;Capella;7.0.0.202407091438;Open+Session;TCC2.aird;;
2024-08-08 15:44:31,368;Capella;7.0.0.202407091438;Open+Session;TCC2.aird;OK;
2024-08-08 15:49:07,777;Capella;7.0.0.202407091438;Open+Session;EPU.aird;;
2024-08-08 15:49:19,945;Capella;7.0.0.202407091438;Open+Session;EPU.aird;ERROR;
2024-08-08 15:49:32,010;Capella;7.0.0.202407091438;Open+Session;TCC2.aird;;
2024-08-08 15:49:34,384;Capella;7.0.0.202407091438;Open+Session;TCC2.aird;;
2024-08-08 15:49:35,349;Capella;7.0.0.202407091438;Open+Session;TCC2.aird;;
2024-08-08 15:50:32,188;Capella;7.0.0.202407091438;Open+Session;EPU.aird;;
2024-08-08 15:50:35,471;Capella;7.0.0.202407091438;Open+Session;EPU.aird;OK;
2024-08-08 15:51:10,483;Capella;7.0.0.202407091438;Open+Representation;;;
2024-08-08 15:51:14,597;Capella;7.0.0.202407091438;Open+Representation;;OK;
2024-08-08 15:51:22,262;Capella;7.0.0.202407091438;Open+Session;TCC2.aird;;
2024-08-08 15:51:23,787;Capella;7.0.0.202407091438;Open+Session;TCC2.aird;OK;
2024-08-08 15:51:36,260;Capella;7.0.0.202407091438;Create+Representation;Operational+Entity+Breakdown;;bf19f45f-58c5-4ca2-bdbd-1f7c4e075d0a
2024-08-08 15:51:39,696;Capella;7.0.0.202407091438;Create+Representation;Operational+Entity+Breakdown;;bf19f45f-58c5-4ca2-bdbd-1f7c4e075d0a
2024-08-08 15:51:39,744;Capella;7.0.0.202407091438;Create+Representation;Operational+Entity+Breakdown;OK;bf19f45f-58c5-4ca2-bdbd-1f7c4e075d0a
2024-08-08 15:51:40,252;Capella;7.0.0.202407091438;Create+Representation;Operational+Entity+Breakdown;OK;bf19f45f-58c5-4ca2-bdbd-1f7c4e075d0a
2024-08-08 18:04:03,705;Capella;7.0.0.202407091438;Open+Representation;;;
2024-08-08 18:04:04,364;Capella;7.0.0.202407091438;Open+Representation;;OK;
2024-08-08 18:04:16,022;Capella;7.0.0.202407091438;Open+Representation;;;
2024-08-08 18:04:16,635;Capella;7.0.0.202407091438;Open+Representation;;OK;
2024-08-08 18:04:31,427;Capella;7.0.0.202407091438;Open+Representation;;;
2024-08-08 18:04:32,299;Capella;7.0.0.202407091438;Open+Representation;;OK;
2024-08-08 18:04:51,091;Capella;7.0.0.202407091438;Open+Representation;;;
2024-08-08 18:04:52,247;Capella;7.0.0.202407091438;Open+Representation;;OK;
2024-08-08 19:54:42,081;Capella;7.0.0.202407091438;Open+Session;TCC2.aird;;
2024-08-08 19:54:43,421;Capella;7.0.0.202407091438;Open+Session;TCC2.aird;OK;
2024-08-08 19:54:49,946;Capella;7.0.0.202407091438;Open+Representation;;;
2024-08-08 19:54:50,491;Capella;7.0.0.202407091438;Open+Representation;;OK;
2024-08-08 19:55:03,246;Capella;7.0.0.202407091438;Open+Representation;;;
2024-08-08 19:55:03,828;Capella;7.0.0.202407091438;Open+Representation;;OK;
2024-08-08 19:56:12,475;Capella;7.0.0.202407091438;Create+Representation;Operational+Capabilities+Blank;;ae54e0cc-9160-4c67-9788-22438297deda
2024-08-08 19:56:14,775;Capella;7.0.0.202407091438;Create+Representation;Operational+Capabilities+Blank;;ae54e0cc-9160-4c67-9788-22438297deda
2024-08-08 19:56:14,797;Capella;7.0.0.202407091438;Create+Representation;Operational+Capabilities+Blank;OK;ae54e0cc-9160-4c67-9788-22438297deda
2024-08-08 19:56:15,111;Capella;7.0.0.202407091438;Create+Representation;Operational+Capabilities+Blank;OK;ae54e0cc-9160-4c67-9788-22438297deda
2024-08-08 21:10:06,697;Capella;7.0.0.202407091438;Open+Representation;;;
2024-08-08 21:10:07,157;Capella;7.0.0.202407091438;Open+Representation;;OK;
2024-08-08 21:10:27,706;Capella;7.0.0.202407091438;Open+Representation;;;
2024-08-08 21:10:27,860;Capella;7.0.0.202407091438;Open+Representation;;OK;
2024-08-08 21:46:40,879;Capella;7.0.0.202407091438;Open+Representation;;;
2024-08-08 21:46:41,017;Capella;7.0.0.202407091438;Open+Representation;;OK;
2024-08-08 21:50:43,453;Capella;7.0.0.202407091438;Open+Representation;;;
2024-08-08 21:50:43,812;Capella;7.0.0.202407091438;Open+Representation;;OK;
2024-08-08 21:51:21,967;Capella;7.0.0.202407091438;Open+Representation;;;
2024-08-08 21:51:22,305;Capella;7.0.0.202407091438;Open+Representation;;OK;
2024-08-13 20:40:09,845;Capella;7.0.0.202407091438;Create+Representation;Operational+Activity+Breakdown;;28263580-ff18-4546-a468-05b762ed1e51
2024-08-13 20:40:11,851;Capella;7.0.0.202407091438;Create+Representation;Operational+Activity+Breakdown;;28263580-ff18-4546-a468-05b762ed1e51
2024-08-13 20:40:11,876;Capella;7.0.0.202407091438;Create+Representation;Operational+Activity+Breakdown;OK;28263580-ff18-4546-a468-05b762ed1e51
2024-08-13 20:40:12,125;Capella;7.0.0.202407091438;Create+Representation;Operational+Activity+Breakdown;OK;28263580-ff18-4546-a468-05b762ed1e51
2024-08-13 21:35:00,296;Capella;7.0.0.202407091438;Open+Representation;;;
2024-08-13 21:35:00,465;Capella;7.0.0.202407091438;Open+Representation;;OK;
2024-08-13 21:35:06,782;Capella;7.0.0.202407091438;Open+Representation;;;
2024-08-13 21:35:07,393;Capella;7.0.0.202407091438;Open+Representation;;OK;
2024-08-13 21:35:15,079;Capella;7.0.0.202407091438;Open+Representation;;;
2024-08-13 21:35:16,179;Capella;7.0.0.202407091438;Open+Representation;;OK;
2024-08-13 21:38:29,834;Capella;7.0.0.202407091438;Create+Representation;Operational+Activity+Interaction+Blank;;28263580-ff18-4546-a468-05b762ed1e51
2024-08-13 21:38:31,741;Capella;7.0.0.202407091438;Create+Representation;Operational+Activity+Interaction+Blank;;28263580-ff18-4546-a468-05b762ed1e51
2024-08-13 21:38:31,783;Capella;7.0.0.202407091438;Create+Representation;Operational+Activity+Interaction+Blank;OK;28263580-ff18-4546-a468-05b762ed1e51
2024-08-13 21:38:32,199;Capella;7.0.0.202407091438;Create+Representation;Operational+Activity+Interaction+Blank;OK;28263580-ff18-4546-a468-05b762ed1e51
2024-08-14 19:49:47,296;Capella;7.0.0.202407091438;Open+Representation;;;
2024-08-14 19:49:48,055;Capella;7.0.0.202407091438;Open+Representation;;OK;
2024-08-14 21:13:29,063;Capella;7.0.0.202407091438;Open+Representation;;;
2024-08-14 21:13:29,855;Capella;7.0.0.202407091438;Open+Representation;;OK;
2024-08-14 21:17:54,129;Capella;7.0.0.202407091438;Open+Representation;;;
2024-08-14 21:17:54,550;Capella;7.0.0.202407091438;Open+Representation;;OK;
2024-08-14 21:31:11,294;Capella;7.0.0.202407091438;Open+Representation;;;
2024-08-14 21:31:11,490;Capella;7.0.0.202407091438;Open+Representation;;OK;
2024-08-14 21:31:30,429;Capella;7.0.0.202407091438;Open+Representation;;;
2024-08-14 21:31:31,161;Capella;7.0.0.202407091438;Open+Representation;;OK;
2024-08-15 10:36:43,199;Capella;7.0.0.202407091438;Create+Representation;Activity+Interaction+Scenario;;
2024-08-15 10:36:43,200;Capella;7.0.0.202407091438;Create+Representation;Activity+Interaction+Scenario;OK;
2024-08-15 10:37:02,234;Capella;7.0.0.202407091438;Create+Representation;Activity+Interaction+Scenario;;ff5c617d-82b8-456a-908b-6bb713f7cdac
2024-08-15 10:37:04,628;Capella;7.0.0.202407091438;Create+Representation;Activity+Interaction+Scenario;OK;ff5c617d-82b8-456a-908b-6bb713f7cdac
2024-08-15 10:37:16,370;Capella;7.0.0.202407091438;Create+Representation;Operational+Entity+Blank;;bf19f45f-58c5-4ca2-bdbd-1f7c4e075d0a
2024-08-15 10:37:18,629;Capella;7.0.0.202407091438;Create+Representation;Operational+Entity+Blank;;bf19f45f-58c5-4ca2-bdbd-1f7c4e075d0a
2024-08-15 10:37:18,679;Capella;7.0.0.202407091438;Create+Representation;Operational+Entity+Blank;OK;bf19f45f-58c5-4ca2-bdbd-1f7c4e075d0a
2024-08-15 10:37:19,119;Capella;7.0.0.202407091438;Create+Representation;Operational+Entity+Blank;OK;bf19f45f-58c5-4ca2-bdbd-1f7c4e075d0a
2024-08-15 10:37:56,276;Capella;7.0.0.202407091438;Open+Representation;;;
2024-08-15 10:37:56,593;Capella;7.0.0.202407091438;Open+Representation;;OK;
2024-08-15 20:37:15,236;Capella;7.0.0.202407091438;Open+Representation;;;
2024-08-15 20:37:16,630;Capella;7.0.0.202407091438;Open+Representation;;OK;
2024-08-15 20:39:16,307;Capella;7.0.0.202407091438;Open+Representation;;;
2024-08-15 20:39:16,832;Capella;7.0.0.202407091438;Open+Representation;;OK;
